2020-11-16 14:51:19 [::1][-][lknhkt88iln6lmt30gii1s25j7][error][yii\web\HttpException:404] yii\base\InvalidRouteException: Unable to resolve the request: site/gii in C:\wamp64\www\hospital\vendor\yiisoft\yii2\base\Controller.php:151
Stack trace:
#0 C:\wamp64\www\hospital\vendor\yiisoft\yii2\base\Module.php(528): yii\base\Controller->runAction('gii', Array)
#1 C:\wamp64\www\hospital\vendor\yiisoft\yii2\web\Application.php(104): yii\base\Module->runAction('site/gii', Array)
#2 C:\wamp64\www\hospital\vendor\yiisoft\yii2\base\Application.php(392): yii\web\Application->handleRequest(Object(yii\web\Request))
#3 C:\wamp64\www\hospital\frontend\web\index.php(17): yii\base\Application->run()
#4 {main}

Next yii\web\NotFoundHttpException: Page not found. in C:\wamp64\www\hospital\vendor\yiisoft\yii2\web\Application.php:116
Stack trace:
#0 C:\wamp64\www\hospital\vendor\yiisoft\yii2\base\Application.php(392): yii\web\Application->handleRequest(Object(yii\web\Request))
#1 C:\wamp64\www\hospital\frontend\web\index.php(17): yii\base\Application->run()
#2 {main}
2020-11-16 14:51:19 [::1][-][lknhkt88iln6lmt30gii1s25j7][info][application] $_GET = [
    'r' => 'site/gii'
]

$_POST = []

$_FILES = []

$_COOKIE = [
    'Webstorm-c948ebde' => '522e693c-2508-4fa5-b89a-766d9e6a6f24'
    'Phpstorm-cf323de1' => '913717ad-0c31-408f-bebc-062722147abb'
    'advanced-frontend' => 'lknhkt88iln6lmt30gii1s25j7'
    '_csrf-frontend' => 'f8be2566c02556c10b7d32efd715841483de399f505a7bd35f0e91eea291c00ea:2:{i:0;s:14:\"_csrf-frontend\";i:1;s:32:\"asbZ8LNCAWIhCKXTpNGOq-4UzEQmja8y\";}'
]

$_SESSION = [
    '__flash' => []
]

$_SERVER = [
    'HTTP_HOST' => 'localhost'
    'HTTP_CONNECTION' => 'keep-alive'
    'HTTP_UPGRADE_INSECURE_REQUESTS' => '1'
    'HTTP_USER_AGENT' => 'Mozilla/5.0 (Windows NT 10.0; Win64; x64) AppleWebKit/537.36 (KHTML, like Gecko) Chrome/86.0.4240.198 Safari/537.36'
    'HTTP_ACCEPT' => 'text/html,application/xhtml+xml,application/xml;q=0.9,image/avif,image/webp,image/apng,*/*;q=0.8,application/signed-exchange;v=b3;q=0.9'
    'HTTP_SEC_FETCH_SITE' => 'none'
    'HTTP_SEC_FETCH_MODE' => 'navigate'
    'HTTP_SEC_FETCH_USER' => '?1'
    'HTTP_SEC_FETCH_DEST' => 'document'
    'HTTP_ACCEPT_ENCODING' => 'gzip, deflate, br'
    'HTTP_ACCEPT_LANGUAGE' => 'pt-PT,pt;q=0.9,en-US;q=0.8,en;q=0.7'
    'HTTP_COOKIE' => 'Webstorm-c948ebde=522e693c-2508-4fa5-b89a-766d9e6a6f24; Phpstorm-cf323de1=913717ad-0c31-408f-bebc-062722147abb; advanced-frontend=lknhkt88iln6lmt30gii1s25j7; _csrf-frontend=f8be2566c02556c10b7d32efd715841483de399f505a7bd35f0e91eea291c00ea%3A2%3A%7Bi%3A0%3Bs%3A14%3A%22_csrf-frontend%22%3Bi%3A1%3Bs%3A32%3A%22asbZ8LNCAWIhCKXTpNGOq-4UzEQmja8y%22%3B%7D'
    'PATH' => 'C:\\Program Files (x86)\\Common Files\\Oracle\\Java\\javapath;C:\\Program Files\\Microsoft MPI\\Bin\\;C:\\WINDOWS\\system32;C:\\WINDOWS;C:\\WINDOWS\\System32\\Wbem;C:\\WINDOWS\\System32\\WindowsPowerShell\\v1.0\\;C:\\Program Files (x86)\\ATI Technologies\\ATI.ACE\\Core-Static;C:\\Program Files\\Microsoft SQL Server\\130\\Tools\\Binn\\;C:\\Program Files\\dotnet\\;C:\\Program Files (x86)\\GtkSharp\\2.12\\bin;C:\\WINDOWS\\System32\\OpenSSH\\;C:\\Program Files\\PuTTY\\;C:\\Program Files\\Git\\cmd;C:\\Program Files\\Microsoft SQL Server\\Client SDK\\ODBC\\170\\Tools\\Binn\\;C:\\wamp64\\bin\\php\\php5.6.40;C:\\composer;C:\\Program Files\\nodejs\\;C:\\Program Files (x86)\\Microsoft SQL Server\\150\\Tools\\Binn\\;C:\\Program Files\\Microsoft SQL Server\\150\\Tools\\Binn\\;C:\\Program Files\\Microsoft SQL Server\\150\\DTS\\Binn\\;C:\\Program Files (x86)\\Microsoft SQL Server\\150\\DTS\\Binn\\;C:\\Users\\Diogo Chen\\AppData\\Local\\Microsoft\\WindowsApps;C:\\Users\\Diogo Chen\\.dotnet\\tools'
    'SystemRoot' => 'C:\\WINDOWS'
    'COMSPEC' => 'C:\\WINDOWS\\system32\\cmd.exe'
    'PATHEXT' => '.COM;.EXE;.BAT;.CMD;.VBS;.VBE;.JS;.JSE;.WSF;.WSH;.MSC'
    'WINDIR' => 'C:\\WINDOWS'
    'SERVER_SIGNATURE' => '<address>Apache/2.4.41 (Win64) PHP/7.0.33 Server at localhost Port 80</address>
'
    'SERVER_SOFTWARE' => 'Apache/2.4.41 (Win64) PHP/7.0.33'
    'SERVER_NAME' => 'localhost'
    'SERVER_ADDR' => '::1'
    'SERVER_PORT' => '80'
    'REMOTE_ADDR' => '::1'
    'DOCUMENT_ROOT' => 'C:/wamp64/www'
    'REQUEST_SCHEME' => 'http'
    'CONTEXT_PREFIX' => ''
    'CONTEXT_DOCUMENT_ROOT' => 'C:/wamp64/www'
    'SERVER_ADMIN' => 'wampserver@wampserver.invalid'
    'SCRIPT_FILENAME' => 'C:/wamp64/www/hospital/frontend/web/index.php'
    'REMOTE_PORT' => '52669'
    'GATEWAY_INTERFACE' => 'CGI/1.1'
    'SERVER_PROTOCOL' => 'HTTP/1.1'
    'REQUEST_METHOD' => 'GET'
    'QUERY_STRING' => 'r=site%2Fgii'
    'REQUEST_URI' => '/hospital/frontend/web/index.php?r=site%2Fgii'
    'SCRIPT_NAME' => '/hospital/frontend/web/index.php'
    'PHP_SELF' => '/hospital/frontend/web/index.php'
    'REQUEST_TIME_FLOAT' => 1605538279.353
    'REQUEST_TIME' => 1605538279
]
