2020-11-13 16:17:58 [-][-][-][error][yii\base\UnknownClassException] exception 'yii\base\UnknownClassException' with message 'Unable to find 'console\controllers\RbacController' in file: C:\wamp64\www\hospital/console/controllers/RbacController.php. Namespace missing?' in C:\wamp64\www\hospital\vendor\yiisoft\yii2\BaseYii.php:296
Stack trace:
#0 [internal function]: yii\BaseYii::autoload('console\\control...')
#1 [internal function]: spl_autoload_call('console\\control...')
#2 C:\wamp64\www\hospital\vendor\yiisoft\yii2\base\Module.php(637): class_exists('console\\control...')
#3 C:\wamp64\www\hospital\vendor\yiisoft\yii2\base\Module.php(596): yii\base\Module->createControllerByID('rbac')
#4 C:\wamp64\www\hospital\vendor\yiisoft\yii2\base\Module.php(522): yii\base\Module->createController('rbac/init')
#5 C:\wamp64\www\hospital\vendor\yiisoft\yii2\console\Application.php(181): yii\base\Module->runAction('rbac/init', Array)
#6 C:\wamp64\www\hospital\vendor\yiisoft\yii2\console\Application.php(148): yii\console\Application->runAction('rbac/init', Array)
#7 C:\wamp64\www\hospital\vendor\yiisoft\yii2\base\Application.php(392): yii\console\Application->handleRequest(Object(yii\console\Request))
#8 C:\wamp64\www\hospital\yii(23): yii\base\Application->run()
#9 {main}
2020-11-13 16:17:58 [-][-][-][info][application] $_GET = []

$_POST = []

$_FILES = []

$_COOKIE = []

$_SERVER = [
    'ALLUSERSPROFILE' => 'C:\\ProgramData'
    'APPDATA' => 'C:\\Users\\Diogo Chen\\AppData\\Roaming'
    'CommonProgramFiles' => 'C:\\Program Files\\Common Files'
    'CommonProgramFiles(x86)' => 'C:\\Program Files (x86)\\Common Files'
    'CommonProgramW6432' => 'C:\\Program Files\\Common Files'
    'COMPUTERNAME' => 'LAPTOP-3N1BM031'
    'ComSpec' => 'C:\\WINDOWS\\system32\\cmd.exe'
    'curl' => 'C:\\Windows\\System32\\cURL\\curl-7.72.0-win64-mingw\\bin\\curl.exe'
    'DriverData' => 'C:\\Windows\\System32\\Drivers\\DriverData'
    'FPS_BROWSER_APP_PROFILE_STRING' => 'Internet Explorer'
    'FPS_BROWSER_USER_PROFILE_STRING' => 'Default'
    'FSHARPINSTALLDIR' => 'C:\\Program Files (x86)\\Microsoft SDKs\\F#\\4.1\\Framework\\v4.0\\'
    'GTK_BASEPATH' => 'C:\\Program Files (x86)\\GtkSharp\\2.12\\'
    'HOMEDRIVE' => 'C:'
    'HOMEPATH' => '\\Users\\Diogo Chen'
    'LOCALAPPDATA' => 'C:\\Users\\Diogo Chen\\AppData\\Local'
    'LOGONSERVER' => '\\\\LAPTOP-3N1BM031'
    'MSMPI_BIN' => 'C:\\Program Files\\Microsoft MPI\\Bin\\'
    'NUMBER_OF_PROCESSORS' => '4'
    'OneDrive' => 'C:\\Users\\Diogo Chen\\OneDrive'
    'OneDriveConsumer' => 'C:\\Users\\Diogo Chen\\OneDrive'
    'OS' => 'Windows_NT'
    'Path' => 'C:\\Program Files (x86)\\Common Files\\Oracle\\Java\\javapath;C:\\Program Files\\Microsoft MPI\\Bin\\;C:\\WINDOWS\\system32;C:\\WINDOWS;C:\\WINDOWS\\System32\\Wbem;C:\\WINDOWS\\System32\\WindowsPowerShell\\v1.0\\;C:\\Program Files (x86)\\ATI Technologies\\ATI.ACE\\Core-Static;C:\\Program Files\\Microsoft SQL Server\\130\\Tools\\Binn\\;C:\\Program Files\\dotnet\\;C:\\Program Files (x86)\\GtkSharp\\2.12\\bin;C:\\WINDOWS\\System32\\OpenSSH\\;C:\\Program Files\\PuTTY\\;C:\\Program Files\\Git\\cmd;C:\\Program Files\\Microsoft SQL Server\\Client SDK\\ODBC\\170\\Tools\\Binn\\;C:\\wamp64\\bin\\php\\php5.6.40;C:\\composer;C:\\Program Files\\nodejs\\;C:\\Program Files (x86)\\Microsoft SQL Server\\150\\Tools\\Binn\\;C:\\Program Files\\Microsoft SQL Server\\150\\Tools\\Binn\\;C:\\Program Files\\Microsoft SQL Server\\150\\DTS\\Binn\\;C:\\Program Files (x86)\\Microsoft SQL Server\\150\\DTS\\Binn\\;C:\\Users\\Diogo Chen\\AppData\\Local\\Microsoft\\WindowsApps;C:\\Users\\Diogo Chen\\AppData\\Roaming\\Composer\\vendor\\bin;C:\\Program Files\\JetBrains\\PhpStorm 2019.3.3\\bin;;C:\\Users\\Diogo Chen\\AppData\\Local\\Programs\\Microsoft VS Code\\bin;C:\\Users\\Diogo Chen\\AppData\\Roaming\\npm'
    'PATHEXT' => '.COM;.EXE;.BAT;.CMD;.VBS;.VBE;.JS;.JSE;.WSF;.WSH;.MSC'
    'PhpStorm' => 'C:\\Program Files\\JetBrains\\PhpStorm 2019.3.3\\bin;'
    'PHP_COMMAND' => 'php.exe'
    'PROCESSOR_ARCHITECTURE' => 'AMD64'
    'PROCESSOR_IDENTIFIER' => 'AMD64 Family 22 Model 48 Stepping 1, AuthenticAMD'
    'PROCESSOR_LEVEL' => '22'
    'PROCESSOR_REVISION' => '3001'
    'ProgramData' => 'C:\\ProgramData'
    'ProgramFiles' => 'C:\\Program Files'
    'ProgramFiles(x86)' => 'C:\\Program Files (x86)'
    'ProgramW6432' => 'C:\\Program Files'
    'PROMPT' => '$P$G'
    'PSModulePath' => 'C:\\Program Files\\WindowsPowerShell\\Modules;C:\\WINDOWS\\system32\\WindowsPowerShell\\v1.0\\Modules;C:\\Program Files (x86)\\Microsoft SQL Server\\150\\Tools\\PowerShell\\Modules\\'
    'PUBLIC' => 'C:\\Users\\Public'
    'SESSIONNAME' => 'Console'
    'SystemDrive' => 'C:'
    'SystemRoot' => 'C:\\WINDOWS'
    'TEMP' => 'C:\\Users\\DIOGOC~1\\AppData\\Local\\Temp'
    'TMP' => 'C:\\Users\\DIOGOC~1\\AppData\\Local\\Temp'
    'USERDOMAIN' => 'LAPTOP-3N1BM031'
    'USERDOMAIN_ROAMINGPROFILE' => 'LAPTOP-3N1BM031'
    'USERNAME' => 'Diogo Chen'
    'USERPROFILE' => 'C:\\Users\\Diogo Chen'
    'VBOX_MSI_INSTALL_PATH' => 'C:\\Program Files\\Oracle\\VirtualBox\\'
    'windir' => 'C:\\WINDOWS'
    'YII_PATH' => 'C:\\wamp64\\www\\hospital\\'
    'PHP_SELF' => 'C:\\wamp64\\www\\hospital\\yii'
    'SCRIPT_NAME' => 'C:\\wamp64\\www\\hospital\\yii'
    'SCRIPT_FILENAME' => 'C:\\wamp64\\www\\hospital\\yii'
    'PATH_TRANSLATED' => 'C:\\wamp64\\www\\hospital\\yii'
    'DOCUMENT_ROOT' => ''
    'REQUEST_TIME_FLOAT' => 1605284278.121
    'REQUEST_TIME' => 1605284278
    'argv' => [
        0 => 'C:\\wamp64\\www\\hospital\\yii'
        1 => 'rbac/init'
    ]
    'argc' => 2
]
